Using pre-set license
Built from '2020.3/staging' branch; Version is '2020.3.0f1 (c7b5465681fb) revision 13088070'; Using compiler version '192528614'; Build Type 'Release'
OS: 'Windows 10 Home; OS build 19042.985; Version 2009; 64bit' Language: 'en' Physical Memory: 15782 MB
BatchMode: 1, IsHumanControllingUs: 0, StartBugReporterOnCrash: 0, Is64bit: 1, IsPro: 0

 COMMAND LINE ARGUMENTS:
C:\Program Files\Unity\Hub\Editor\2020.3.0f1\Editor\Unity.exe
-adb2
-batchMode
-noUpm
-name
AssetImportWorker0
-projectPath
C:/Users/maurx/Desktop/TPI_Mauro_Sokoban/Unity/TPI - Mauro
-logFile
Logs/AssetImportWorker0.log
-srvPort
62367
Successfully changed project path to: C:/Users/maurx/Desktop/TPI_Mauro_Sokoban/Unity/TPI - Mauro
C:/Users/maurx/Desktop/TPI_Mauro_Sokoban/Unity/TPI - Mauro
Using Asset Import Pipeline V2.
Refreshing native plugins compatible for Editor in 21.84 ms, found 0 plugins.
Preloading 0 native plugins for Editor in 0.00 ms.
Initialize engine version: 2020.3.0f1 (c7b5465681fb)
[Subsystems] Discovering subsystems at path C:/Program Files/Unity/Hub/Editor/2020.3.0f1/Editor/Data/Resources/UnitySubsystems
[Subsystems] Discovering subsystems at path C:/Users/maurx/Desktop/TPI_Mauro_Sokoban/Unity/TPI - Mauro/Assets
GfxDevice: creating device client; threaded=0
Direct3D:
    Version:  Direct3D 11.0 [level 11.1]
    Renderer: AMD Radeon(TM) Graphics (ID=0x1636)
    Vendor:   
    VRAM:     7891 MB
    Driver:   27.20.11022.9001
Initialize mono
Mono path[0] = 'C:/Program Files/Unity/Hub/Editor/2020.3.0f1/Editor/Data/Managed'
Mono path[1] = 'C:/Program Files/Unity/Hub/Editor/2020.3.0f1/Editor/Data/MonoBleedingEdge/lib/mono/unityjit'
Mono config path = 'C:/Program Files/Unity/Hub/Editor/2020.3.0f1/Editor/Data/MonoBleedingEdge/etc'
Using monoOptions --debugger-agent=transport=dt_socket,embedding=1,server=y,suspend=n,address=127.0.0.1:56012
Begin MonoManager ReloadAssembly
Registering precompiled unity dll's ...
Register platform support module: C:/Program Files/Unity/Hub/Editor/2020.3.0f1/Editor/Data/PlaybackEngines/WindowsStandaloneSupport/UnityEditor.WindowsStandalone.Extensions.dll
Registered in 0.001643 seconds.
Native extension for WindowsStandalone target not found
Refreshing native plugins compatible for Editor in 20.77 ms, found 0 plugins.
Preloading 0 native plugins for Editor in 0.00 ms.
Invoked RoslynAnalysisRunner static constructor.
RoslynAnalysisRunner will not be running.
RoslynAnalysisRunner has terminated.
Mono: successfully reloaded assembly
- Completed reload, in  1.943 seconds
Platform modules already initialized, skipping
Registering precompiled user dll's ...
Registered in 0.000882 seconds.
Begin MonoManager ReloadAssembly
Native extension for WindowsStandalone target not found
Refreshing native plugins compatible for Editor in 0.24 ms, found 0 plugins.
Preloading 0 native plugins for Editor in 0.00 ms.
Invoked RoslynAnalysisRunner static constructor.
RoslynAnalysisRunner will not be running.
RoslynAnalysisRunner has terminated.
Mono: successfully reloaded assembly
- Completed reload, in  0.783 seconds
Platform modules already initialized, skipping
========================================================================
Worker process is ready to serve import requests
Launched and connected shader compiler UnityShaderCompiler.exe after 0.05 seconds
Refreshing native plugins compatible for Editor in 0.22 ms, found 0 plugins.
Preloading 0 native plugins for Editor in 0.00 ms.
Unloading 1119 Unused Serialized files (Serialized files now loaded: 0)
System memory in use before: 77.0 MB.
System memory in use after: 77.1 MB.

Unloading 9 unused Assets to reduce memory usage. Loaded Objects now: 1585.
Total: 2.153100 ms (FindLiveObjects: 0.333200 ms CreateObjectMapping: 0.057100 ms MarkObjects: 1.650200 ms  DeleteObjects: 0.110100 ms)

========================================================================
Received Import Request.
  path: Assets/Prefabs/Teleporter.prefab
  artifactKey: Guid(217512a7778ae96489ff33f4b59efd56) Importer(815301076,1909f56bfc062723c751e8b465ee728b)
Start importing Assets/Prefabs/Teleporter.prefab using Guid(217512a7778ae96489ff33f4b59efd56) Importer(815301076,1909f56bfc062723c751e8b465ee728b)  -> (artifact id: '5f66038a1e15f4b8ae6f5170bc85f63d') in 0.113619 seconds
  Import took 0.115720 seconds .

========================================================================
Received Import Request.
  Time since last request: 6.229383 seconds.
  path: Assets/Prefabs/Teleporter.prefab
  artifactKey: Guid(217512a7778ae96489ff33f4b59efd56) Importer(815301076,1909f56bfc062723c751e8b465ee728b)
Start importing Assets/Prefabs/Teleporter.prefab using Guid(217512a7778ae96489ff33f4b59efd56) Importer(815301076,1909f56bfc062723c751e8b465ee728b)  -> (artifact id: '94373f3d13259e878c3f7891091e108f') in 0.019504 seconds
  Import took 0.022664 seconds .

========================================================================
Received Import Request.
  Time since last request: 0.006550 seconds.
  path: Assets/Prefabs/Teleporter.prefab
  artifactKey: Guid(217512a7778ae96489ff33f4b59efd56) Importer(815301076,1909f56bfc062723c751e8b465ee728b)
Start importing Assets/Prefabs/Teleporter.prefab using Guid(217512a7778ae96489ff33f4b59efd56) Importer(815301076,1909f56bfc062723c751e8b465ee728b)  -> (artifact id: '94373f3d13259e878c3f7891091e108f') in 0.012279 seconds
  Import took 0.014538 seconds .

========================================================================
Received Prepare
Registering precompiled user dll's ...
Registered in 0.000793 seconds.
Begin MonoManager ReloadAssembly
Native extension for WindowsStandalone target not found
Refreshing native plugins compatible for Editor in 0.29 ms, found 0 plugins.
Preloading 0 native plugins for Editor in 0.00 ms.
Invoked RoslynAnalysisRunner static constructor.
RoslynAnalysisRunner will not be running.
RoslynAnalysisRunner has terminated.
Mono: successfully reloaded assembly
- Completed reload, in  0.746 seconds
Platform modules already initialized, skipping
Refreshing native plugins compatible for Editor in 0.25 ms, found 0 plugins.
Preloading 0 native plugins for Editor in 0.00 ms.
Unloading 1114 Unused Serialized files (Serialized files now loaded: 0)
System memory in use before: 80.1 MB.
System memory in use after: 80.2 MB.

Unloading 5 unused Assets to reduce memory usage. Loaded Objects now: 1595.
Total: 4.551300 ms (FindLiveObjects: 0.532100 ms CreateObjectMapping: 0.167900 ms MarkObjects: 3.682700 ms  DeleteObjects: 0.164800 ms)

